#
# A fatal error has been detected by the Java Runtime Environment:
#
#  SIGSEGV (0xb) at pc=0x00002b55fdafef05, pid=28784, tid=47648306063104
#
# JRE version: Java(TM) SE Runtime Environment (8.0_40-b25) (build 1.8.0_40-b25)
# Java VM: Java HotSpot(TM) 64-Bit Server VM (25.40-b25 mixed mode linux-amd64 compressed oops)
# Problematic frame:
# V  [libjvm.so+0xa79f05]  Unsafe_GetNativeInt+0x45
#
# Failed to write core dump. Core dumps have been disabled. To enable core dumping, try "ulimit -c unlimited" before starting Java again
#
# If you would like to submit a bug report, please visit:
#   http://bugreport.java.com/bugreport/crash.jsp
#

---------------  T H R E A D  ---------------

Current thread (0x00002b5600009800):  JavaThread "main" [_thread_in_vm, id=28785, stack(0x00002b55fc4b6000,0x00002b55fc5b7000)]

siginfo: si_signo: 11 (SIGSEGV), si_code: 1 (SEGV_MAPERR), si_addr: 0x0000000000000000

Registers:
RAX=0x00002b5600009800, RBX=0x00002b5600009800, RCX=0x00002b55fc8a1320, RDX=0x00002b55fc5b6a20
RSP=0x00002b55fc5b57f0, RBP=0x00002b55fc5b5820, RSI=0x0000000000000001, RDI=0x00002b55fc5b57f0
R8 =0x0000000000000000, R9 =0x0000000000000004, R10=0x00002b5604015968, R11=0x00002b55fda31f30
R12=0x0000000000000000, R13=0x00002b561324a088, R14=0x00002b55fc5b58b8, R15=0x00002b5600009800
RIP=0x00002b55fdafef05, EFLAGS=0x0000000000010246, CSGSFS=0x0000000000000033, ERR=0x0000000000000004
  TRAPNO=0x000000000000000e

Top of Stack: (sp=0x00002b55fc5b57f0)
0x00002b55fc5b57f0:   00002b5600009800 00002b561324a088
0x00002b55fc5b5800:   00002b5600009800 00002b561324a088
0x00002b55fc5b5810:   00002b561324a088 0000000000000000
0x00002b55fc5b5820:   00002b55fc5b5888 00002b5604015994
0x00002b55fc5b5830:   00002b55fc5b5888 00002b5604015727
0x00002b55fc5b5840:   00002b56040156e2 00002b55fc5b5848
0x00002b55fc5b5850:   0000000000000000 00002b55fc5b58b8
0x00002b55fc5b5860:   00002b56132770f8 0000000000000000
0x00002b55fc5b5870:   00002b561324a088 0000000000000000
0x00002b55fc5b5880:   00002b55fc5b58a8 00002b55fc5b5900
0x00002b55fc5b5890:   00002b5604007690 0000000000000000
0x00002b55fc5b58a0:   00002b560400f576 0000000000000000
0x00002b55fc5b58b0:   0000000000000008 00000000ecd93438
0x00002b55fc5b58c0:   00002b55fc5b58c0 00002b56135cc6a5
0x00002b55fc5b58d0:   00002b55fc5b5948 00002b56135cc838
0x00002b55fc5b58e0:   0000000000000000 00002b56135cc6f8
0x00002b55fc5b58f0:   00002b55fc5b58a8 00002b55fc5b5948
0x00002b55fc5b5900:   00002b55fc5b59b0 00002b56040007a7
0x00002b55fc5b5910:   00002b56000e3e70 0000000000000000
0x00002b55fc5b5920:   0000000000000008 0000000000000000
0x00002b55fc5b5930:   0000000010002000 0000000000010002
0x00002b55fc5b5940:   00000000ecd93438 00000000ece26a00
0x00002b55fc5b5950:   0000000000001fa0 0000000000000000
0x00002b55fc5b5960:   00002b5600009800 00002b55fc5b5a30
0x00002b55fc5b5970:   00002b55fc5b5bf0 00002b55fc5b59f0
0x00002b55fc5b5980:   00002b55fc5b59f0 00002b55fc5b5d38
0x00002b55fc5b5990:   00002b550000000a 00002b56135cc6f8
0x00002b55fc5b59a0:   00002b5604010c00 00002b55fc5b5b78
0x00002b55fc5b59b0:   00002b55fc5b5b20 00002b55fd706a56
0x00002b55fc5b59c0:   00002b5600000001 00002b5600009800
0x00002b55fc5b59d0:   00002b55fc5b5b70 00002b55fc5b5d30
0x00002b55fc5b59e0:   00002b5604010c00 000000000000000a 

Instructions: (pc=0x00002b55fdafef05)
0x00002b55fdafeee5:   45 ed ff 48 8b 05 81 a6 4d 00 48 89 5d d0 8b 38
0x00002b55fdafeef5:   e8 16 21 7a ff 48 8d 7d d0 c6 80 94 02 00 00 01
0x00002b55fdafef05:   45 8b 24 24 c6 80 94 02 00 00 00 e8 bb 1e 96 ff
0x00002b55fdafef15:   48 8b 5d e0 48 8b 05 40 60 4d 00 c7 83 70 02 00 

Register to memory mapping:

RAX=0x00002b5600009800 is a thread
RBX=0x00002b5600009800 is a thread
RCX=0x00002b55fc8a1320: <offset 0x219320> in /lib/x86_64-linux-gnu/libpthread.so.0 at 0x00002b55fc688000
RDX=0x00002b55fc5b6a20 is pointing into the stack for thread: 0x00002b5600009800
RSP=0x00002b55fc5b57f0 is pointing into the stack for thread: 0x00002b5600009800
RBP=0x00002b55fc5b5820 is pointing into the stack for thread: 0x00002b5600009800
RSI=0x0000000000000001 is an unknown value
RDI=0x00002b55fc5b57f0 is pointing into the stack for thread: 0x00002b5600009800
R8 =0x0000000000000000 is an unknown value
R9 =0x0000000000000004 is an unknown value
R10=0x00002b5604015968 is at code_begin+808 in an Interpreter codelet
method entry point (kind = native)  [0x00002b5604015640, 0x00002b5604015f40]  2304 bytes
R11=0x00002b55fda31f30: <offset 0x9acf30> in /usr/lib/jvm/java-8-oracle/jre/lib/amd64/server/libjvm.so at 0x00002b55fd085000
R12=0x0000000000000000 is an unknown value
R13={method} {0x00002b561324a088} 'getInt' '(J)I' in 'sun/misc/Unsafe'
R14=0x00002b55fc5b58b8 is pointing into the stack for thread: 0x00002b5600009800
R15=0x00002b5600009800 is a thread


Stack: [0x00002b55fc4b6000,0x00002b55fc5b7000],  sp=0x00002b55fc5b57f0,  free space=1021k
Native frames: (J=compiled Java code, j=interpreted, Vv=VM code, C=native code)
V  [libjvm.so+0xa79f05]  Unsafe_GetNativeInt+0x45
j  sun.misc.Unsafe.getInt(J)I+0
j  Main.main([Ljava/lang/String;)V+205
v  ~StubRoutines::call_stub
V  [libjvm.so+0x681a56]  JavaCalls::call_helper(JavaValue*, methodHandle*, JavaCallArguments*, Thread*)+0x1056
V  [libjvm.so+0x6c36c2]  jni_invoke_static(JNIEnv_*, JavaValue*, _jobject*, JNICallType, _jmethodID*, JNI_ArgumentPusher*, Thread*)+0x362
V  [libjvm.so+0x6e00ca]  jni_CallStaticVoidMethod+0x17a
C  [libjli.so+0x7bcc]  JavaMain+0x80c
C  [libpthread.so.0+0x8182]  start_thread+0xc2

Java frames: (J=compiled Java code, j=interpreted, Vv=VM code)
j  sun.misc.Unsafe.getInt(J)I+0
j  Main.main([Ljava/lang/String;)V+205
v  ~StubRoutines::call_stub

---------------  P R O C E S S  ---------------

Java Threads: ( => current thread )
  0x00002b56000ca800 JavaThread "Service Thread" daemon [_thread_blocked, id=28797, stack(0x00002b56235b5000,0x00002b56236b6000)]
  0x00002b56000bd800 JavaThread "C1 CompilerThread2" daemon [_thread_blocked, id=28796, stack(0x00002b56234b4000,0x00002b56235b5000)]
  0x00002b56000bb800 JavaThread "C2 CompilerThread1" daemon [_thread_blocked, id=28795, stack(0x00002b56233b3000,0x00002b56234b4000)]
  0x00002b56000b8800 JavaThread "C2 CompilerThread0" daemon [_thread_blocked, id=28794, stack(0x00002b56232b2000,0x00002b56233b3000)]
  0x00002b56000b7000 JavaThread "Signal Dispatcher" daemon [_thread_blocked, id=28793, stack(0x00002b56231b1000,0x00002b56232b2000)]
  0x00002b560007e800 JavaThread "Finalizer" daemon [_thread_blocked, id=28792, stack(0x00002b56229cd000,0x00002b5622ace000)]
  0x00002b560007c800 JavaThread "Reference Handler" daemon [_thread_blocked, id=28791, stack(0x00002b56228cc000,0x00002b56229cd000)]
=>0x00002b5600009800 JavaThread "main" [_thread_in_vm, id=28785, stack(0x00002b55fc4b6000,0x00002b55fc5b7000)]

Other Threads:
  0x00002b5600077800 VMThread [stack: 0x00002b56227cb000,0x00002b56228cc000] [id=28790]
  0x00002b56000cd000 WatcherThread [stack: 0x00002b56236b6000,0x00002b56237b7000] [id=28798]

VM state:not at safepoint (normal execution)

VM Mutex/Monitor currently owned by a thread: None

Heap:
 PSYoungGen      total 17408K, used 1229K [0x00000000ecd80000, 0x00000000ee080000, 0x0000000100000000)
  eden space 15360K, 8% used [0x00000000ecd80000,0x00000000eceb3410,0x00000000edc80000)
  from space 2048K, 0% used [0x00000000ede80000,0x00000000ede80000,0x00000000ee080000)
  to   space 2048K, 0% used [0x00000000edc80000,0x00000000edc80000,0x00000000ede80000)
 ParOldGen       total 39936K, used 0K [0x00000000c6800000, 0x00000000c8f00000, 0x00000000ecd80000)
  object space 39936K, 0% used [0x00000000c6800000,0x00000000c6800000,0x00000000c8f00000)
 Metaspace       used 2456K, capacity 4486K, committed 4864K, reserved 1056768K
  class space    used 268K, capacity 386K, committed 512K, reserved 1048576K

Card table byte_map: [0x00002b55ff7ad000,0x00002b55ff97a000] byte_map_base: 0x00002b55ff179000

Marking Bits: (ParMarkBitMap*) 0x00002b55fe0226c0
 Begin Bits: [0x00002b5620000000, 0x00002b5620e60000)
 End Bits:   [0x00002b5620e60000, 0x00002b5621cc0000)

Polling page: 0x00002b55fc488000

CodeCache: size=245760Kb used=1076Kb max_used=1076Kb free=244683Kb
 bounds [0x00002b5604000000, 0x00002b5604270000, 0x00002b5613000000]
 total_blobs=240 nmethods=12 adapters=143
 compilation: enabled

Compilation events (10 events):
Event: 0.056 Thread 0x00002b56000bd800    8       3       java.lang.String::length (6 bytes)
Event: 0.056 Thread 0x00002b56000bd800 nmethod 8 0x00002b5604101ad0 code [0x00002b5604101c40, 0x00002b5604101d90]
Event: 0.057 Thread 0x00002b56000bd800    9       3       java.lang.AbstractStringBuilder::ensureCapacityInternal (16 bytes)
Event: 0.057 Thread 0x00002b56000bd800 nmethod 9 0x00002b560410c050 code [0x00002b560410c1c0, 0x00002b560410c408]
Event: 0.057 Thread 0x00002b56000bd800   10       1       java.lang.Object::<init> (1 bytes)
Event: 0.057 Thread 0x00002b56000bd800 nmethod 10 0x00002b560410bd90 code [0x00002b560410bee0, 0x00002b560410bff0]
Event: 0.058 Thread 0x00002b56000bd800   11       1       java.lang.ref.Reference::get (5 bytes)
Event: 0.058 Thread 0x00002b56000bd800 nmethod 11 0x00002b560410bad0 code [0x00002b560410bc20, 0x00002b560410bd30]
Event: 0.063 Thread 0x00002b56000bd800   12       3       java.util.Arrays::copyOfRange (63 bytes)
Event: 0.064 Thread 0x00002b56000bd800 nmethod 12 0x00002b560410c4d0 code [0x00002b560410c6e0, 0x00002b560410d1f8]

GC Heap History (0 events):
No events

Deoptimization events (0 events):
No events

Internal exceptions (2 events):
Event: 0.031 Thread 0x00002b5600009800 Exception <a 'java/lang/NoSuchMethodError': Method sun.misc.Unsafe.defineClass(Ljava/lang/String;[BII)Ljava/lang/Class; name or signature does not match> (0x00000000ecd92a38) thrown at [/HUDSON/workspace/8-2-build-linux-amd64/jdk8u40/2855/hotspot/src/shar
Event: 0.031 Thread 0x00002b5600009800 Exception <a 'java/lang/NoSuchMethodError': Method sun.misc.Unsafe.prefetchRead(Ljava/lang/Object;J)V name or signature does not match> (0x00000000ecd92cc8) thrown at [/HUDSON/workspace/8-2-build-linux-amd64/jdk8u40/2855/hotspot/src/share/vm/prims/jni.cpp

Events (10 events):
Event: 0.065 loading class sun/reflect/UnsafeQualifiedStaticFieldAccessorImpl done
Event: 0.066 loading class sun/reflect/UnsafeQualifiedStaticObjectFieldAccessorImpl done
Event: 0.066 loading class java/util/HashMap$EntrySet
Event: 0.066 loading class java/util/HashMap$EntrySet done
Event: 0.066 loading class java/util/HashMap$EntryIterator
Event: 0.066 loading class java/util/HashMap$HashIterator
Event: 0.066 loading class java/util/HashMap$HashIterator done
Event: 0.066 loading class java/util/HashMap$EntryIterator done
Event: 0.066 loading class java/util/concurrent/ConcurrentHashMap$ForwardingNode
Event: 0.066 loading class java/util/concurrent/ConcurrentHashMap$ForwardingNode done


Dynamic libraries:
00400000-00401000 r-xp 00000000 08:08 705180                             /usr/lib/jvm/java-8-oracle/jre/bin/java
00600000-00601000 rw-p 00000000 08:08 705180                             /usr/lib/jvm/java-8-oracle/jre/bin/java
02589000-025aa000 rw-p 00000000 00:00 0                                  [heap]
c6800000-c8f00000 rw-p 00000000 00:00 0 
c8f00000-ecd80000 ---p 00000000 00:00 0 
ecd80000-ee080000 rw-p 00000000 00:00 0 
ee080000-100000000 ---p 00000000 00:00 0 
100000000-100080000 rw-p 00000000 00:00 0 
100080000-140000000 ---p 00000000 00:00 0 
2b55fc463000-2b55fc486000 r-xp 00000000 08:08 1441976                    /lib/x86_64-linux-gnu/ld-2.19.so
2b55fc486000-2b55fc488000 rw-p 00000000 00:00 0 
2b55fc488000-2b55fc489000 r--p 00000000 00:00 0 
2b55fc489000-2b55fc48a000 rw-p 00000000 00:00 0 
2b55fc48a000-2b55fc492000 rw-s 00000000 08:08 1740359                    /tmp/hsperfdata_ciro/28784
2b55fc492000-2b55fc4a7000 rw-p 00000000 00:00 0 
2b55fc4b2000-2b55fc4b6000 rw-p 00000000 00:00 0 
2b55fc4b6000-2b55fc4b9000 ---p 00000000 00:00 0 
2b55fc4b9000-2b55fc67c000 rw-p 00000000 00:00 0                          [stack:28785]
2b55fc685000-2b55fc686000 r--p 00022000 08:08 1441976                    /lib/x86_64-linux-gnu/ld-2.19.so
2b55fc686000-2b55fc687000 rw-p 00023000 08:08 1441976                    /lib/x86_64-linux-gnu/ld-2.19.so
2b55fc687000-2b55fc688000 rw-p 00000000 00:00 0 
2b55fc688000-2b55fc6a1000 r-xp 00000000 08:08 1441986                    /lib/x86_64-linux-gnu/libpthread-2.19.so
2b55fc6a1000-2b55fc8a0000 ---p 00019000 08:08 1441986                    /lib/x86_64-linux-gnu/libpthread-2.19.so
2b55fc8a0000-2b55fc8a1000 r--p 00018000 08:08 1441986                    /lib/x86_64-linux-gnu/libpthread-2.19.so
2b55fc8a1000-2b55fc8a2000 rw-p 00019000 08:08 1441986                    /lib/x86_64-linux-gnu/libpthread-2.19.so
2b55fc8a2000-2b55fc8a6000 rw-p 00000000 00:00 0 
2b55fc8a6000-2b55fc8bb000 r-xp 00000000 08:08 686891                     /usr/lib/jvm/java-8-oracle/jre/lib/amd64/jli/libjli.so
2b55fc8bb000-2b55fcabb000 ---p 00015000 08:08 686891                     /usr/lib/jvm/java-8-oracle/jre/lib/amd64/jli/libjli.so
2b55fcabb000-2b55fcabc000 rw-p 00015000 08:08 686891                     /usr/lib/jvm/java-8-oracle/jre/lib/amd64/jli/libjli.so
2b55fcabc000-2b55fcabf000 r-xp 00000000 08:08 1441953                    /lib/x86_64-linux-gnu/libdl-2.19.so
2b55fcabf000-2b55fccbe000 ---p 00003000 08:08 1441953                    /lib/x86_64-linux-gnu/libdl-2.19.so
2b55fccbe000-2b55fccbf000 r--p 00002000 08:08 1441953                    /lib/x86_64-linux-gnu/libdl-2.19.so
2b55fccbf000-2b55fccc0000 rw-p 00003000 08:08 1441953                    /lib/x86_64-linux-gnu/libdl-2.19.so
2b55fccc0000-2b55fce7b000 r-xp 00000000 08:08 1441982                    /lib/x86_64-linux-gnu/libc-2.19.so
2b55fce7b000-2b55fd07a000 ---p 001bb000 08:08 1441982                    /lib/x86_64-linux-gnu/libc-2.19.so
2b55fd07a000-2b55fd07e000 r--p 001ba000 08:08 1441982                    /lib/x86_64-linux-gnu/libc-2.19.so
2b55fd07e000-2b55fd080000 rw-p 001be000 08:08 1441982                    /lib/x86_64-linux-gnu/libc-2.19.so
2b55fd080000-2b55fd085000 rw-p 00000000 00:00 0 
2b55fd085000-2b55fdd33000 r-xp 00000000 08:08 686877                     /usr/lib/jvm/java-8-oracle/jre/lib/amd64/server/libjvm.so
2b55fdd33000-2b55fdf32000 ---p 00cae000 08:08 686877                     /usr/lib/jvm/java-8-oracle/jre/lib/amd64/server/libjvm.so
2b55fdf32000-2b55fe009000 rw-p 00cad000 08:08 686877                     /usr/lib/jvm/java-8-oracle/jre/lib/amd64/server/libjvm.so
2b55fe009000-2b55fe04d000 rw-p 00000000 00:00 0 
2b55fe04d000-2b55fe152000 r-xp 00000000 08:08 1441945                    /lib/x86_64-linux-gnu/libm-2.19.so
2b55fe152000-2b55fe351000 ---p 00105000 08:08 1441945                    /lib/x86_64-linux-gnu/libm-2.19.so
2b55fe351000-2b55fe352000 r--p 00104000 08:08 1441945                    /lib/x86_64-linux-gnu/libm-2.19.so
2b55fe352000-2b55fe353000 rw-p 00105000 08:08 1441945                    /lib/x86_64-linux-gnu/libm-2.19.so
2b55fe353000-2b55fe35a000 r-xp 00000000 08:08 1441988                    /lib/x86_64-linux-gnu/librt-2.19.so
2b55fe35a000-2b55fe559000 ---p 00007000 08:08 1441988                    /lib/x86_64-linux-gnu/librt-2.19.so
2b55fe559000-2b55fe55a000 r--p 00006000 08:08 1441988                    /lib/x86_64-linux-gnu/librt-2.19.so
2b55fe55a000-2b55fe55b000 rw-p 00007000 08:08 1441988                    /lib/x86_64-linux-gnu/librt-2.19.so
2b55fe55b000-2b55fe568000 r-xp 00000000 08:08 686861                     /usr/lib/jvm/java-8-oracle/jre/lib/amd64/libverify.so
2b55fe568000-2b55fe768000 ---p 0000d000 08:08 686861                     /usr/lib/jvm/java-8-oracle/jre/lib/amd64/libverify.so
2b55fe768000-2b55fe76a000 rw-p 0000d000 08:08 686861                     /usr/lib/jvm/java-8-oracle/jre/lib/amd64/libverify.so
2b55fe76a000-2b55fe794000 r-xp 00000000 08:08 686894                     /usr/lib/jvm/java-8-oracle/jre/lib/amd64/libjava.so
2b55fe794000-2b55fe994000 ---p 0002a000 08:08 686894                     /usr/lib/jvm/java-8-oracle/jre/lib/amd64/libjava.so
2b55fe994000-2b55fe996000 rw-p 0002a000 08:08 686894                     /usr/lib/jvm/java-8-oracle/jre/lib/amd64/libjava.so
2b55fe996000-2b55fe99f000 r-xp 00000000 08:08 1441970                    /lib/x86_64-linux-gnu/libnss_compat-2.19.so
2b55fe99f000-2b55feb9e000 ---p 00009000 08:08 1441970                    /lib/x86_64-linux-gnu/libnss_compat-2.19.so
2b55feb9e000-2b55feb9f000 r--p 00008000 08:08 1441970                    /lib/x86_64-linux-gnu/libnss_compat-2.19.so
2b55feb9f000-2b55feba0000 rw-p 00009000 08:08 1441970                    /lib/x86_64-linux-gnu/libnss_compat-2.19.so
2b55feba0000-2b55febb7000 r-xp 00000000 08:08 1441972                    /lib/x86_64-linux-gnu/libnsl-2.19.so
2b55febb7000-2b55fedb6000 ---p 00017000 08:08 1441972                    /lib/x86_64-linux-gnu/libnsl-2.19.so
2b55fedb6000-2b55fedb7000 r--p 00016000 08:08 1441972                    /lib/x86_64-linux-gnu/libnsl-2.19.so
2b55fedb7000-2b55fedb8000 rw-p 00017000 08:08 1441972                    /lib/x86_64-linux-gnu/libnsl-2.19.so
2b55fedb8000-2b55fedba000 rw-p 00000000 00:00 0 
2b55fedba000-2b55fedc5000 r-xp 00000000 08:08 1441991                    /lib/x86_64-linux-gnu/libnss_nis-2.19.so
2b55fedc5000-2b55fefc4000 ---p 0000b000 08:08 1441991                    /lib/x86_64-linux-gnu/libnss_nis-2.19.so
2b55fefc4000-2b55fefc5000 r--p 0000a000 08:08 1441991                    /lib/x86_64-linux-gnu/libnss_nis-2.19.so
2b55fefc5000-2b55fefc6000 rw-p 0000b000 08:08 1441991                    /lib/x86_64-linux-gnu/libnss_nis-2.19.so
2b55fefc6000-2b55fefd1000 r-xp 00000000 08:08 1441947                    /lib/x86_64-linux-gnu/libnss_files-2.19.so
2b55fefd1000-2b55ff1d0000 ---p 0000b000 08:08 1441947                    /lib/x86_64-linux-gnu/libnss_files-2.19.so
2b55ff1d0000-2b55ff1d1000 r--p 0000a000 08:08 1441947                    /lib/x86_64-linux-gnu/libnss_files-2.19.so
2b55ff1d1000-2b55ff1d2000 rw-p 0000b000 08:08 1441947                    /lib/x86_64-linux-gnu/libnss_files-2.19.so
2b55ff1d2000-2b55ff1ec000 r-xp 00000000 08:08 686871                     /usr/lib/jvm/java-8-oracle/jre/lib/amd64/libzip.so
2b55ff1ec000-2b55ff3ec000 ---p 0001a000 08:08 686871                     /usr/lib/jvm/java-8-oracle/jre/lib/amd64/libzip.so
2b55ff3ec000-2b55ff3ed000 rw-p 0001a000 08:08 686871                     /usr/lib/jvm/java-8-oracle/jre/lib/amd64/libzip.so
2b55ff3ed000-2b55ff3f7000 rw-p 00000000 00:00 0 
2b55ff3f7000-2b55ff7ad000 ---p 00000000 00:00 0 
2b55ff7ad000-2b55ff7c1000 rw-p 00000000 00:00 0 
2b55ff7c1000-2b55ff8df000 ---p 00000000 00:00 0 
2b55ff8df000-2b55ff8ea000 rw-p 00000000 00:00 0 
2b55ff8ea000-2b55ff979000 ---p 00000000 00:00 0 
2b55ff979000-2b55ff98e000 rw-p 00000000 00:00 0 
2b55ff98e000-2b55ffaad000 ---p 00000000 00:00 0 
2b55ffaad000-2b55ffaae000 ---p 00000000 00:00 0 
2b55ffaae000-2b55ffbae000 rw-p 00000000 00:00 0                          [stack:28786]
2b55ffbae000-2b55ffbaf000 ---p 00000000 00:00 0 
2b55ffbaf000-2b55ffcaf000 rw-p 00000000 00:00 0                          [stack:28787]
2b55ffcaf000-2b55ffcb0000 ---p 00000000 00:00 0 
2b55ffcb0000-2b55ffdb0000 rw-p 00000000 00:00 0                          [stack:28788]
2b55ffdb0000-2b55ffdb1000 ---p 00000000 00:00 0 
2b55ffdb1000-2b55fffd9000 rw-p 00000000 00:00 0                          [stack:28789]
2b5600000000-2b56000fa000 rw-p 00000000 00:00 0 
2b56000fa000-2b5604000000 ---p 00000000 00:00 0 
2b5604000000-2b5604270000 rwxp 00000000 00:00 0 
2b5604270000-2b5613000000 ---p 00000000 00:00 0 
2b5613000000-2b561360c000 rw-p 00000000 00:00 0 
2b561360c000-2b56139cc000 ---p 00000000 00:00 0 
2b56139cc000-2b5613ba4000 r--s 03d09000 08:08 678120                     /usr/lib/jvm/java-8-oracle/jre/lib/rt.jar
2b5613ba4000-2b5613fa8000 rw-p 00000000 00:00 0 
2b5614000000-2b5614021000 rw-p 00000000 00:00 0 
2b5614021000-2b5618000000 ---p 00000000 00:00 0 
2b5618000000-2b5618021000 rw-p 00000000 00:00 0 
2b5618021000-2b561c000000 ---p 00000000 00:00 0 
2b561c000000-2b561c021000 rw-p 00000000 00:00 0 
2b561c021000-2b5620000000 ---p 00000000 00:00 0 
2b5620000000-2b56227cb000 rw-p 00000000 00:00 0 
2b56227cb000-2b56227cc000 ---p 00000000 00:00 0 
2b56227cc000-2b56228cc000 rw-p 00000000 00:00 0                          [stack:28790]
2b56228cc000-2b56228cf000 ---p 00000000 00:00 0 
2b56228cf000-2b56229cd000 rw-p 00000000 00:00 0                          [stack:28791]
2b56229cd000-2b56229d0000 ---p 00000000 00:00 0 
2b56229d0000-2b5622ace000 rw-p 00000000 00:00 0                          [stack:28792]
2b5622ace000-2b56231b1000 r--p 00000000 08:08 139117                     /usr/lib/locale/locale-archive
2b56231b1000-2b56231b4000 ---p 00000000 00:00 0 
2b56231b4000-2b56232b2000 rw-p 00000000 00:00 0                          [stack:28793]
2b56232b2000-2b56232b5000 ---p 00000000 00:00 0 
2b56232b5000-2b56233b3000 rw-p 00000000 00:00 0                          [stack:28794]
2b56233b3000-2b56233b6000 ---p 00000000 00:00 0 
2b56233b6000-2b56234b4000 rw-p 00000000 00:00 0                          [stack:28795]
2b56234b4000-2b56234b7000 ---p 00000000 00:00 0 
2b56234b7000-2b56235b5000 rw-p 00000000 00:00 0                          [stack:28796]
2b56235b5000-2b56235b8000 ---p 00000000 00:00 0 
2b56235b8000-2b56236b6000 rw-p 00000000 00:00 0                          [stack:28797]
2b56236b6000-2b56236b7000 ---p 00000000 00:00 0 
2b56236b7000-2b5623a3b000 rw-p 00000000 00:00 0                          [stack:28798]
2b5624000000-2b5624021000 rw-p 00000000 00:00 0 
2b5624021000-2b5628000000 ---p 00000000 00:00 0 
2b5628000000-2b5628021000 rw-p 00000000 00:00 0 
2b5628021000-2b562c000000 ---p 00000000 00:00 0 
2b562c000000-2b562c021000 rw-p 00000000 00:00 0 
2b562c021000-2b5630000000 ---p 00000000 00:00 0 
2b5630000000-2b5630021000 rw-p 00000000 00:00 0 
2b5630021000-2b5634000000 ---p 00000000 00:00 0 
2b5634000000-2b5634021000 rw-p 00000000 00:00 0 
2b5634021000-2b5638000000 ---p 00000000 00:00 0 
2b5638000000-2b5638046000 rw-p 00000000 00:00 0 
2b5638046000-2b563c000000 ---p 00000000 00:00 0 
2b563c000000-2b563c021000 rw-p 00000000 00:00 0 
2b563c021000-2b5640000000 ---p 00000000 00:00 0 
2b5640000000-2b5640025000 rw-p 00000000 00:00 0 
2b5640025000-2b5644000000 ---p 00000000 00:00 0 
2b5644000000-2b5644021000 rw-p 00000000 00:00 0 
2b5644021000-2b5648000000 ---p 00000000 00:00 0 
2b5648000000-2b5648021000 rw-p 00000000 00:00 0 
2b5648021000-2b564c000000 ---p 00000000 00:00 0 
7fff3b569000-7fff3b58b000 rw-p 00000000 00:00 0                          [stack]
7fff3b5d5000-7fff3b5d7000 r-xp 00000000 00:00 0                          [vdso]
ffffffffff600000-ffffffffff601000 r-xp 00000000 00:00 0                  [vsyscall]

VM Arguments:
jvm_args: -ea 
java_command: Main
java_class_path (initial): .
Launcher Type: SUN_STANDARD

Environment Variables:
JAVA_HOME=/usr/lib/jvm/java-7-oracle
PATH=/home/ciro/.rvm/gems/ruby-2.1.1/bin:/home/ciro/.rvm/gems/ruby-2.1.1@global/bin:/home/ciro/.rvm/rubies/ruby-2.1.1/bin:./node_modules/.bin:/home/ciro/.nvm/v0.10.26/bin:/usr/local/heroku/bin:/home/ciro/bak/git/devbin:/platform-tools/:/tools/:/home/ciro/bin:/usr/local/texlive/2013/bin/x86_64-linux:/usr/local/sbin:/usr/local/bin:/usr/sbin:/usr/bin:/sbin:/bin:/usr/games:/usr/local/games:/home/ciro/bak/git/latex:/home/ciro/.cabal/bin:/home/ciro/.rvm/bin:/home/ciro/.rvm/bin
LD_LIBRARY_PATH=:/usr/local/lib
SHELL=/bin/bash
DISPLAY=:0

Signal Handlers:
SIGSEGV: [libjvm.so+0xaad2e0], sa_mask[0]=11111111011111111101111111111110, sa_flags=SA_RESTART|SA_SIGINFO
SIGBUS: [libjvm.so+0xaad2e0], sa_mask[0]=11111111011111111101111111111110, sa_flags=SA_RESTART|SA_SIGINFO
SIGFPE: [libjvm.so+0x90b550], sa_mask[0]=11111111011111111101111111111110, sa_flags=SA_RESTART|SA_SIGINFO
SIGPIPE: [libjvm.so+0x90b550], sa_mask[0]=11111111011111111101111111111110, sa_flags=SA_RESTART|SA_SIGINFO
SIGXFSZ: [libjvm.so+0x90b550], sa_mask[0]=11111111011111111101111111111110, sa_flags=SA_RESTART|SA_SIGINFO
SIGILL: [libjvm.so+0x90b550], sa_mask[0]=11111111011111111101111111111110, sa_flags=SA_RESTART|SA_SIGINFO
SIGUSR1: SIG_DFL, sa_mask[0]=00000000000000000000000000000000, sa_flags=none
SIGUSR2: [libjvm.so+0x90cb90], sa_mask[0]=00000000000000000000000000000000, sa_flags=SA_RESTART|SA_SIGINFO
SIGHUP: [libjvm.so+0x90dee0], sa_mask[0]=11111111011111111101111111111110, sa_flags=SA_RESTART|SA_SIGINFO
SIGINT: [libjvm.so+0x90dee0], sa_mask[0]=11111111011111111101111111111110, sa_flags=SA_RESTART|SA_SIGINFO
SIGTERM: [libjvm.so+0x90dee0], sa_mask[0]=11111111011111111101111111111110, sa_flags=SA_RESTART|SA_SIGINFO
SIGQUIT: [libjvm.so+0x90dee0], sa_mask[0]=11111111011111111101111111111110, sa_flags=SA_RESTART|SA_SIGINFO


---------------  S Y S T E M  ---------------

OS:DISTRIB_ID=Ubuntu
DISTRIB_RELEASE=14.04
DISTRIB_CODENAME=trusty
DISTRIB_DESCRIPTION="Ubuntu 14.04.2 LTS"

uname:Linux 3.13.0-48-generic #80-Ubuntu SMP Thu Mar 12 11:16:15 UTC 2015 x86_64
libc:glibc 2.19 NPTL 2.19 
rlimit: STACK infinity, CORE 0k, NPROC 29263, NOFILE 4096, AS infinity
load average:0.63 0.58 0.59

/proc/meminfo:
MemTotal:        3767388 kB
MemFree:          210196 kB
Buffers:          160012 kB
Cached:           798128 kB
SwapCached:         2848 kB
Active:          1893888 kB
Inactive:        1047532 kB
Active(anon):    1443044 kB
Inactive(anon):   603136 kB
Active(file):     450844 kB
Inactive(file):   444396 kB
Unevictable:           0 kB
Mlocked:               0 kB
SwapTotal:       3910652 kB
SwapFree:        3903568 kB
Dirty:               860 kB
Writeback:             0 kB
AnonPages:       1980600 kB
Mapped:           292108 kB
Shmem:             62900 kB
Slab:             470608 kB
SReclaimable:     432864 kB
SUnreclaim:        37744 kB
KernelStack:        4712 kB
PageTables:        36620 kB
NFS_Unstable:          0 kB
Bounce:                0 kB
WritebackTmp:          0 kB
CommitLimit:     5794344 kB
Committed_AS:    6366876 kB
VmallocTotal:   34359738367 kB
VmallocUsed:      385100 kB
VmallocChunk:   34359333884 kB
HardwareCorrupted:     0 kB
AnonHugePages:    591872 kB
HugePages_Total:       0
HugePages_Free:        0
HugePages_Rsvd:        0
HugePages_Surp:        0
Hugepagesize:       2048 kB
DirectMap4k:      237908 kB
DirectMap2M:     3674112 kB


CPU:total 4 (2 cores per cpu, 2 threads per core) family 6 model 58 stepping 9, cmov, cx8, fxsr, mmx, sse, sse2, sse3, ssse3, sse4.1, sse4.2, popcnt, avx, aes, clmul, erms, ht, tsc, tscinvbit, tscinv

/proc/cpuinfo:
processor	: 0
vendor_id	: GenuineIntel
cpu family	: 6
model		: 58
model name	: Intel(R) Core(TM) i5-3210M CPU @ 2.50GHz
stepping	: 9
microcode	: 0x12
cpu MHz		: 2501.000
cache size	: 3072 KB
physical id	: 0
siblings	: 4
core id		: 0
cpu cores	: 2
apicid		: 0
initial apicid	: 0
fpu		: yes
fpu_exception	: yes
cpuid level	: 13
wp		: yes
flags		: fpu vme de pse tsc msr pae mce cx8 apic sep mtrr pge mca cmov pat pse36 clflush dts acpi mmx fxsr sse sse2 ss ht tm pbe syscall nx rdtscp lm constant_tsc arch_perfmon pebs bts rep_good nopl xtopology nonstop_tsc aperfmperf eagerfpu pni pclmulqdq dtes64 monitor ds_cpl vmx est tm2 ssse3 cx16 xtpr pdcm pcid sse4_1 sse4_2 x2apic popcnt tsc_deadline_timer aes xsave avx f16c rdrand lahf_lm ida arat epb xsaveopt pln pts dtherm tpr_shadow vnmi flexpriority ept vpid fsgsbase smep erms
bogomips	: 4988.79
clflush size	: 64
cache_alignment	: 64
address sizes	: 36 bits physical, 48 bits virtual
power management:

processor	: 1
vendor_id	: GenuineIntel
cpu family	: 6
model		: 58
model name	: Intel(R) Core(TM) i5-3210M CPU @ 2.50GHz
stepping	: 9
microcode	: 0x12
cpu MHz		: 2501.000
cache size	: 3072 KB
physical id	: 0
siblings	: 4
core id		: 0
cpu cores	: 2
apicid		: 1
initial apicid	: 1
fpu		: yes
fpu_exception	: yes
cpuid level	: 13
wp		: yes
flags		: fpu vme de pse tsc msr pae mce cx8 apic sep mtrr pge mca cmov pat pse36 clflush dts acpi mmx fxsr sse sse2 ss ht tm pbe syscall nx rdtscp lm constant_tsc arch_perfmon pebs bts rep_good nopl xtopology nonstop_tsc aperfmperf eagerfpu pni pclmulqdq dtes64 monitor ds_cpl vmx est tm2 ssse3 cx16 xtpr pdcm pcid sse4_1 sse4_2 x2apic popcnt tsc_deadline_timer aes xsave avx f16c rdrand lahf_lm ida arat epb xsaveopt pln pts dtherm tpr_shadow vnmi flexpriority ept vpid fsgsbase smep erms
bogomips	: 4988.79
clflush size	: 64
cache_alignment	: 64
address sizes	: 36 bits physical, 48 bits virtual
power management:

processor	: 2
vendor_id	: GenuineIntel
cpu family	: 6
model		: 58
model name	: Intel(R) Core(TM) i5-3210M CPU @ 2.50GHz
stepping	: 9
microcode	: 0x12
cpu MHz		: 1500.000
cache size	: 3072 KB
physical id	: 0
siblings	: 4
core id		: 1
cpu cores	: 2
apicid		: 2
initial apicid	: 2
fpu		: yes
fpu_exception	: yes
cpuid level	: 13
wp		: yes
flags		: fpu vme de pse tsc msr pae mce cx8 apic sep mtrr pge mca cmov pat pse36 clflush dts acpi mmx fxsr sse sse2 ss ht tm pbe syscall nx rdtscp lm constant_tsc arch_perfmon pebs bts rep_good nopl xtopology nonstop_tsc aperfmperf eagerfpu pni pclmulqdq dtes64 monitor ds_cpl vmx est tm2 ssse3 cx16 xtpr pdcm pcid sse4_1 sse4_2 x2apic popcnt tsc_deadline_timer aes xsave avx f16c rdrand lahf_lm ida arat epb xsaveopt pln pts dtherm tpr_shadow vnmi flexpriority ept vpid fsgsbase smep erms
bogomips	: 4988.79
clflush size	: 64
cache_alignment	: 64
address sizes	: 36 bits physical, 48 bits virtual
power management:

processor	: 3
vendor_id	: GenuineIntel
cpu family	: 6
model		: 58
model name	: Intel(R) Core(TM) i5-3210M CPU @ 2.50GHz
stepping	: 9
microcode	: 0x12
cpu MHz		: 1200.000
cache size	: 3072 KB
physical id	: 0
siblings	: 4
core id		: 1
cpu cores	: 2
apicid		: 3
initial apicid	: 3
fpu		: yes
fpu_exception	: yes
cpuid level	: 13
wp		: yes
flags		: fpu vme de pse tsc msr pae mce cx8 apic sep mtrr pge mca cmov pat pse36 clflush dts acpi mmx fxsr sse sse2 ss ht tm pbe syscall nx rdtscp lm constant_tsc arch_perfmon pebs bts rep_good nopl xtopology nonstop_tsc aperfmperf eagerfpu pni pclmulqdq dtes64 monitor ds_cpl vmx est tm2 ssse3 cx16 xtpr pdcm pcid sse4_1 sse4_2 x2apic popcnt tsc_deadline_timer aes xsave avx f16c rdrand lahf_lm ida arat epb xsaveopt pln pts dtherm tpr_shadow vnmi flexpriority ept vpid fsgsbase smep erms
bogomips	: 4988.79
clflush size	: 64
cache_alignment	: 64
address sizes	: 36 bits physical, 48 bits virtual
power management:



Memory: 4k page, physical 3767388k(210196k free), swap 3910652k(3903568k free)

vm_info: Java HotSpot(TM) 64-Bit Server VM (25.40-b25) for linux-amd64 JRE (1.8.0_40-b25), built on Feb 10 2015 21:29:53 by "java_re" with gcc 4.3.0 20080428 (Red Hat 4.3.0-8)

time: Sat May  2 15:09:14 2015
elapsed time: 0 seconds (0d 0h 0m 0s)

